<?xml version="1.0" encoding="UTF-8"?>
<!-- Generated by org.testng.reporters.JUnitXMLReporter -->
<testsuite hostname="admin-PC" name="Navigator Application- IE" tests="6" failures="0" timestamp="7 May 2016 19:35:38 GMT" time="41.947" errors="0">
  <testcase name="@BeforeMethod setUp" time="0.0" classname="com.mcd.navigator.test.TestFranchiseNavigator">
    <failure type="org.openqa.selenium.remote.UnreachableBrowserException" message="Could not start a new session. Possible causes are invalid address of the remote server or browser start-up failure.
Build info: version: &amp;apos;2.47.1&amp;apos;, revision: &amp;apos;411b314&amp;apos;, time: &amp;apos;2015-07-30 02:56:46&amp;apos;
System info: host: &amp;apos;admin-PC&amp;apos;, ip: &amp;apos;192.168.0.101&amp;apos;, os.name: &amp;apos;Windows 10&amp;apos;, os.arch: &amp;apos;x86&amp;apos;, os.version: &amp;apos;10.0&amp;apos;, java.version: &amp;apos;1.8.0_65&amp;apos;
Driver info: driver.version: InternetExplorerDriver">
      <![CDATA[org.openqa.selenium.remote.UnreachableBrowserException: Could not start a new session. Possible causes are invalid address of the remote server or browser start-up failure.
Build info: version: '2.47.1', revision: '411b314', time: '2015-07-30 02:56:46'
System info: host: 'admin-PC', ip: '192.168.0.101', os.name: 'Windows 10', os.arch: 'x86', os.version: '10.0', java.version: '1.8.0_65'
Driver info: driver.version: InternetExplorerDriver
	at org.openqa.selenium.remote.RemoteWebDriver.execute(RemoteWebDriver.java:589)
	at org.openqa.selenium.remote.RemoteWebDriver.startSession(RemoteWebDriver.java:242)
	at org.openqa.selenium.remote.RemoteWebDriver.startSession(RemoteWebDriver.java:227)
	at org.openqa.selenium.ie.InternetExplorerDriver.run(InternetExplorerDriver.java:182)
	at org.openqa.selenium.ie.InternetExplorerDriver.<init>(InternetExplorerDriver.java:174)
	at org.openqa.selenium.ie.InternetExplorerDriver.<init>(InternetExplorerDriver.java:146)
	at com.mcd.navigator.pages.Common.getWebDriver(Common.java:47)
	at com.mcd.navigator.test.TestFranchiseNavigator.setUp(TestFranchiseNavigator.java:23)
Caused by: java.lang.IllegalStateException: The process has not exited yet therefore no result is available ...
	at org.apache.commons.exec.DefaultExecuteResultHandler.getException(DefaultExecuteResultHandler.java:76)
	at org.openqa.selenium.os.UnixProcess.checkForError(UnixProcess.java:171)
	at org.openqa.selenium.os.CommandLine.checkForError(CommandLine.java:183)
	at org.openqa.selenium.remote.service.DriverService.start(DriverService.java:169)
	at org.openqa.selenium.remote.service.DriverCommandExecutor.execute(DriverCommandExecutor.java:63)
	at org.openqa.selenium.remote.RemoteWebDriver.execute(RemoteWebDriver.java:568)
	... 33 more
... Removed 26 stack frames]]>
    </failure>
  </testcase> <!-- @BeforeMethod setUp -->
  <testcase name="@AfterMethod tearDown" time="0.0" classname="com.mcd.navigator.test.TestFranchiseNavigator">
    <failure type="java.lang.NullPointerException">
      <![CDATA[java.lang.NullPointerException
	at com.google.common.base.Preconditions.checkNotNull(Preconditions.java:210)
	at org.openqa.selenium.support.ui.FluentWait.<init>(FluentWait.java:95)
	at org.openqa.selenium.support.ui.WebDriverWait.<init>(WebDriverWait.java:71)
	at org.openqa.selenium.support.ui.WebDriverWait.<init>(WebDriverWait.java:45)
	at com.mcd.navigator.pages.Common.<init>(Common.java:26)
	at com.mcd.navigator.pages.HomePage.<init>(HomePage.java:15)
	at com.mcd.navigator.pages.PageObjects.getHomePage(PageObjects.java:12)
	at com.mcd.navigator.test.TestFranchiseNavigator.tearDown(TestFranchiseNavigator.java:216)
... Removed 26 stack frames]]>
    </failure>
  </testcase> <!-- @AfterMethod tearDown -->
  <testcase name="@BeforeMethod setUp" time="0.0" classname="com.mcd.navigator.test.TestFranchiseNavigator">
    <skipped/>
  </testcase> <!-- @BeforeMethod setUp -->
  <testcase name="@AfterMethod tearDown" time="0.0" classname="com.mcd.navigator.test.TestFranchiseNavigator">
    <failure type="java.lang.NullPointerException">
      <![CDATA[java.lang.NullPointerException
	at com.google.common.base.Preconditions.checkNotNull(Preconditions.java:210)
	at org.openqa.selenium.support.ui.FluentWait.<init>(FluentWait.java:95)
	at org.openqa.selenium.support.ui.WebDriverWait.<init>(WebDriverWait.java:71)
	at org.openqa.selenium.support.ui.WebDriverWait.<init>(WebDriverWait.java:45)
	at com.mcd.navigator.pages.Common.<init>(Common.java:26)
	at com.mcd.navigator.pages.HomePage.<init>(HomePage.java:15)
	at com.mcd.navigator.pages.PageObjects.getHomePage(PageObjects.java:12)
	at com.mcd.navigator.test.TestFranchiseNavigator.tearDown(TestFranchiseNavigator.java:216)
... Removed 26 stack frames]]>
    </failure>
  </testcase> <!-- @AfterMethod tearDown -->
  <testcase name="@BeforeMethod setUp" time="0.0" classname="com.mcd.navigator.test.TestFranchiseNavigator">
    <skipped/>
  </testcase> <!-- @BeforeMethod setUp -->
  <testcase name="@AfterMethod tearDown" time="0.0" classname="com.mcd.navigator.test.TestFranchiseNavigator">
    <failure type="java.lang.NullPointerException">
      <![CDATA[java.lang.NullPointerException
	at com.google.common.base.Preconditions.checkNotNull(Preconditions.java:210)
	at org.openqa.selenium.support.ui.FluentWait.<init>(FluentWait.java:95)
	at org.openqa.selenium.support.ui.WebDriverWait.<init>(WebDriverWait.java:71)
	at org.openqa.selenium.support.ui.WebDriverWait.<init>(WebDriverWait.java:45)
	at com.mcd.navigator.pages.Common.<init>(Common.java:26)
	at com.mcd.navigator.pages.HomePage.<init>(HomePage.java:15)
	at com.mcd.navigator.pages.PageObjects.getHomePage(PageObjects.java:12)
	at com.mcd.navigator.test.TestFranchiseNavigator.tearDown(TestFranchiseNavigator.java:216)
... Removed 26 stack frames]]>
    </failure>
  </testcase> <!-- @AfterMethod tearDown -->
  <testcase name="@BeforeMethod setUp" time="0.0" classname="com.mcd.navigator.test.TestFranchiseNavigator">
    <skipped/>
  </testcase> <!-- @BeforeMethod setUp -->
  <testcase name="@AfterMethod tearDown" time="0.0" classname="com.mcd.navigator.test.TestFranchiseNavigator">
    <failure type="java.lang.NullPointerException">
      <![CDATA[java.lang.NullPointerException
	at com.google.common.base.Preconditions.checkNotNull(Preconditions.java:210)
	at org.openqa.selenium.support.ui.FluentWait.<init>(FluentWait.java:95)
	at org.openqa.selenium.support.ui.WebDriverWait.<init>(WebDriverWait.java:71)
	at org.openqa.selenium.support.ui.WebDriverWait.<init>(WebDriverWait.java:45)
	at com.mcd.navigator.pages.Common.<init>(Common.java:26)
	at com.mcd.navigator.pages.HomePage.<init>(HomePage.java:15)
	at com.mcd.navigator.pages.PageObjects.getHomePage(PageObjects.java:12)
	at com.mcd.navigator.test.TestFranchiseNavigator.tearDown(TestFranchiseNavigator.java:216)
... Removed 26 stack frames]]>
    </failure>
  </testcase> <!-- @AfterMethod tearDown -->
  <testcase name="@BeforeMethod setUp" time="0.0" classname="com.mcd.navigator.test.TestPMONavigator">
    <failure type="org.openqa.selenium.remote.UnreachableBrowserException" message="Could not start a new session. Possible causes are invalid address of the remote server or browser start-up failure.
Build info: version: &amp;apos;2.47.1&amp;apos;, revision: &amp;apos;411b314&amp;apos;, time: &amp;apos;2015-07-30 02:56:46&amp;apos;
System info: host: &amp;apos;admin-PC&amp;apos;, ip: &amp;apos;192.168.0.101&amp;apos;, os.name: &amp;apos;Windows 10&amp;apos;, os.arch: &amp;apos;x86&amp;apos;, os.version: &amp;apos;10.0&amp;apos;, java.version: &amp;apos;1.8.0_65&amp;apos;
Driver info: driver.version: InternetExplorerDriver">
      <![CDATA[org.openqa.selenium.remote.UnreachableBrowserException: Could not start a new session. Possible causes are invalid address of the remote server or browser start-up failure.
Build info: version: '2.47.1', revision: '411b314', time: '2015-07-30 02:56:46'
System info: host: 'admin-PC', ip: '192.168.0.101', os.name: 'Windows 10', os.arch: 'x86', os.version: '10.0', java.version: '1.8.0_65'
Driver info: driver.version: InternetExplorerDriver
	at org.openqa.selenium.remote.RemoteWebDriver.execute(RemoteWebDriver.java:589)
	at org.openqa.selenium.remote.RemoteWebDriver.startSession(RemoteWebDriver.java:242)
	at org.openqa.selenium.remote.RemoteWebDriver.startSession(RemoteWebDriver.java:227)
	at org.openqa.selenium.ie.InternetExplorerDriver.run(InternetExplorerDriver.java:182)
	at org.openqa.selenium.ie.InternetExplorerDriver.<init>(InternetExplorerDriver.java:174)
	at org.openqa.selenium.ie.InternetExplorerDriver.<init>(InternetExplorerDriver.java:146)
	at com.mcd.navigator.pages.Common.getWebDriver(Common.java:47)
	at com.mcd.navigator.test.TestPMONavigator.setUp(TestPMONavigator.java:19)
Caused by: java.lang.IllegalStateException: The process has not exited yet therefore no result is available ...
	at org.apache.commons.exec.DefaultExecuteResultHandler.getException(DefaultExecuteResultHandler.java:76)
	at org.openqa.selenium.os.UnixProcess.checkForError(UnixProcess.java:171)
	at org.openqa.selenium.os.CommandLine.checkForError(CommandLine.java:183)
	at org.openqa.selenium.remote.service.DriverService.start(DriverService.java:169)
	at org.openqa.selenium.remote.service.DriverCommandExecutor.execute(DriverCommandExecutor.java:63)
	at org.openqa.selenium.remote.RemoteWebDriver.execute(RemoteWebDriver.java:568)
	... 33 more
... Removed 26 stack frames]]>
    </failure>
  </testcase> <!-- @BeforeMethod setUp -->
  <testcase name="@AfterMethod tearDown" time="0.0" classname="com.mcd.navigator.test.TestPMONavigator">
    <failure type="java.lang.NullPointerException">
      <![CDATA[java.lang.NullPointerException
	at com.google.common.base.Preconditions.checkNotNull(Preconditions.java:210)
	at org.openqa.selenium.support.ui.FluentWait.<init>(FluentWait.java:95)
	at org.openqa.selenium.support.ui.WebDriverWait.<init>(WebDriverWait.java:71)
	at org.openqa.selenium.support.ui.WebDriverWait.<init>(WebDriverWait.java:45)
	at com.mcd.navigator.pages.Common.<init>(Common.java:26)
	at com.mcd.navigator.pages.HomePage.<init>(HomePage.java:15)
	at com.mcd.navigator.pages.PageObjects.getHomePage(PageObjects.java:12)
	at com.mcd.navigator.test.TestPMONavigator.tearDown(TestPMONavigator.java:97)
... Removed 26 stack frames]]>
    </failure>
  </testcase> <!-- @AfterMethod tearDown -->
  <testcase name="@BeforeMethod setUp" time="0.0" classname="com.mcd.navigator.test.TestPMONavigator">
    <skipped/>
  </testcase> <!-- @BeforeMethod setUp -->
  <testcase name="@AfterMethod tearDown" time="0.0" classname="com.mcd.navigator.test.TestPMONavigator">
    <failure type="java.lang.NullPointerException">
      <![CDATA[java.lang.NullPointerException
	at com.google.common.base.Preconditions.checkNotNull(Preconditions.java:210)
	at org.openqa.selenium.support.ui.FluentWait.<init>(FluentWait.java:95)
	at org.openqa.selenium.support.ui.WebDriverWait.<init>(WebDriverWait.java:71)
	at org.openqa.selenium.support.ui.WebDriverWait.<init>(WebDriverWait.java:45)
	at com.mcd.navigator.pages.Common.<init>(Common.java:26)
	at com.mcd.navigator.pages.HomePage.<init>(HomePage.java:15)
	at com.mcd.navigator.pages.PageObjects.getHomePage(PageObjects.java:12)
	at com.mcd.navigator.test.TestPMONavigator.tearDown(TestPMONavigator.java:97)
... Removed 26 stack frames]]>
    </failure>
  </testcase> <!-- @AfterMethod tearDown -->
  <testcase name="verifyUserIsOnFranchiseNavigatorLandingPage" time="0.0" classname="com.mcd.navigator.test.TestFranchiseNavigator">
    <skipped/>
  </testcase> <!-- verifyUserIsOnFranchiseNavigatorLandingPage -->
  <testcase name="selectZoneAndVerifyZonesAreDisplayedInBlader" time="0.0" classname="com.mcd.navigator.test.TestFranchiseNavigator">
    <skipped/>
  </testcase> <!-- selectZoneAndVerifyZonesAreDisplayedInBlader -->
  <testcase name="selectEntityAndVerifyEntityAreDisplayedInBlader" time="0.0" classname="com.mcd.navigator.test.TestFranchiseNavigator">
    <skipped/>
  </testcase> <!-- selectEntityAndVerifyEntityAreDisplayedInBlader -->
  <testcase name="verifyAtlantaRegioHeaderInBlader" time="0.0" classname="com.mcd.navigator.test.TestFranchiseNavigator">
    <skipped/>
  </testcase> <!-- verifyAtlantaRegioHeaderInBlader -->
  <testcase name="verifyPMONavigatorOtionOnLAndingPage" time="0.0" classname="com.mcd.navigator.test.TestPMONavigator">
    <skipped/>
  </testcase> <!-- verifyPMONavigatorOtionOnLAndingPage -->
  <testcase name="verifyPresenceOfAllDropDownOptionsInNavigatorDropDown" time="0.0" classname="com.mcd.navigator.test.TestPMONavigator">
    <skipped/>
  </testcase> <!-- verifyPresenceOfAllDropDownOptionsInNavigatorDropDown -->
</testsuite> <!-- Navigator Application- IE -->
