<?xml version="1.0" encoding="UTF-8"?>
<!-- Generated by org.testng.reporters.JUnitReportReporter -->
<testsuite hostname="US-R9Z245L" name="com.mcd.navigator.test.TestFranchiseNavigator" tests="6" failures="0" timestamp="9 May 2016 15:54:16 GMT" time="581.056" errors="1">
  <testcase name="verifyDataEntityMeasures" time="169.008" classname="com.mcd.navigator.test.TestFranchiseNavigator"/>
  <testcase name="verifyUserIsOnFranchiseNavigatorLandingPage" time="82.087" classname="com.mcd.navigator.test.TestFranchiseNavigator">
    <error type="java.lang.AssertionError" message="expected [BALTIMORE-WASHINGTON] but found [ATLANTA]">
      <![CDATA[java.lang.AssertionError: expected [BALTIMORE-WASHINGTON] but found [ATLANTA]
	at org.testng.Assert.fail(Assert.java:94)
	at org.testng.Assert.failNotEquals(Assert.java:494)
	at org.testng.Assert.assertEquals(Assert.java:123)
	at org.testng.Assert.assertEquals(Assert.java:176)
	at org.testng.Assert.assertEquals(Assert.java:186)
	at com.mcd.navigator.pages.FranchiseNavigator.verifyFilterValueDisplaysAfterApplyingFilter(FranchiseNavigator.java:122)
	at com.mcd.navigator.test.TestFranchiseNavigator.verifyUserIsOnFranchiseNavigatorLandingPage(TestFranchiseNavigator.java:75)
	at sun.reflect.NativeMethodAccessorImpl.invoke0(Native Method)
	at sun.reflect.NativeMethodAccessorImpl.invoke(Unknown Source)
	at sun.reflect.DelegatingMethodAccessorImpl.invoke(Unknown Source)
	at java.lang.reflect.Method.invoke(Unknown Source)
	at org.testng.internal.MethodInvocationHelper.invokeMethod(MethodInvocationHelper.java:84)
	at org.testng.internal.Invoker.invokeMethod(Invoker.java:714)
	at org.testng.internal.Invoker.invokeTestMethod(Invoker.java:901)
	at org.testng.internal.Invoker.invokeTestMethods(Invoker.java:1231)
	at org.testng.internal.TestMethodWorker.invokeTestMethods(TestMethodWorker.java:127)
	at org.testng.internal.TestMethodWorker.run(TestMethodWorker.java:111)
	at org.testng.TestRunner.privateRun(TestRunner.java:767)
	at org.testng.TestRunner.run(TestRunner.java:617)
	at org.testng.SuiteRunner.runTest(SuiteRunner.java:334)
	at org.testng.SuiteRunner.runSequentially(SuiteRunner.java:329)
	at org.testng.SuiteRunner.privateRun(SuiteRunner.java:291)
	at org.testng.SuiteRunner.run(SuiteRunner.java:240)
	at org.testng.SuiteRunnerWorker.runSuite(SuiteRunnerWorker.java:52)
	at org.testng.SuiteRunnerWorker.run(SuiteRunnerWorker.java:86)
	at org.testng.TestNG.runSuitesSequentially(TestNG.java:1224)
	at org.testng.TestNG.runSuitesLocally(TestNG.java:1149)
	at org.testng.TestNG.run(TestNG.java:1057)
	at org.testng.remote.AbstractRemoteTestNG.run(AbstractRemoteTestNG.java:126)
	at org.testng.remote.RemoteTestNG.initAndRun(RemoteTestNG.java:137)
	at org.testng.remote.RemoteTestNG.main(RemoteTestNG.java:58)
]]>
    </error>
  </testcase> <!-- verifyUserIsOnFranchiseNavigatorLandingPage -->
  <testcase name="selectEntityAndVerifyEntityAreDisplayedInBlader" time="97.391" classname="com.mcd.navigator.test.TestFranchiseNavigator"/>
  <testcase name="verifyEastZoneHeaderInBlader" time="77.640" classname="com.mcd.navigator.test.TestFranchiseNavigator"/>
  <testcase name="verifyAtlantaRegioHeaderInBlader" time="78.167" classname="com.mcd.navigator.test.TestFranchiseNavigator"/>
  <testcase name="selectZoneAndVerifyZonesAreDisplayedInBlader" time="76.763" classname="com.mcd.navigator.test.TestFranchiseNavigator"/>
</testsuite> <!-- com.mcd.navigator.test.TestFranchiseNavigator -->
